<?xml version="1.0" encoding="UTF-8"?>
<!-- Generated by org.testng.reporters.JUnitReportReporter -->
<testsuite name="com.gmail.www.GmailApp.Login" tests="1" time="16.636" ignored="0" failures="0" timestamp="05 Mar 2017 14:28:49 GMT" skipped="0" hostname="DESKTOP-ULPCAVV" errors="0">
  <testcase name="openApp" time="16.636" classname="com.gmail.www.GmailApp.Login"/>
</testsuite> <!-- com.gmail.www.GmailApp.Login -->
